<?xml version="1.0" encoding="UTF-8"?>
<!-- Generated by org.testng.reporters.JUnitXMLReporter -->
<testsuite ignored="2" hostname="DESKTOP-30SA7RP" failures="0" tests="2" name="chromeBrowser" time="56.376" errors="0" timestamp="2023-07-07T12:58:06 IST">
  <testcase classname="com.Rena.TMS.RenaTMSCancelBookingTest" name="cancelBookigTest" time="22.305"/>
  <testcase classname="com.Rena.TMS.BookingTest" name="bookingTest" time="38.476"/>
  <testcase classname="com.rena.tms.gerenic.BaseClass" name="@BeforeSuite connectToDB" time="0.0">
    <ignored/>
  </testcase> <!-- @BeforeSuite connectToDB -->
  <testcase classname="com.rena.tms.gerenic.BaseClass" name="@AfterSuite closeDB" time="0.0">
    <ignored/>
  </testcase> <!-- @AfterSuite closeDB -->
</testsuite> <!-- chromeBrowser -->
