<?xml version="1.0" encoding="UTF-8"?>
<!-- Generated by org.testng.reporters.JUnitXMLReporter -->
<testsuite ignored="6" hostname="DESKTOP-RD9UV13" failures="0" tests="4" name="Test" time="214.945" errors="0" timestamp="2023-07-13T12:57:52 IST">
  <testcase classname="com.Rena.TMS.RenaTMSCancelBookingTest" name="cancelBookigTest" time="32.483"/>
  <testcase classname="com.Rena.TMS.UserCountInDashboardTest" name="dashBoard" time="28.125"/>
  <testcase classname="com.Rena.TMS.BookingTest" name="bookingTest" time="33.303"/>
  <testcase classname="com.Rena.TMS.IssueTest" name="issueTest" time="37.219"/>
  <testcase classname="com.rena.tms.gerenic.BaseClass" name="@BeforeSuite connectToDB" time="0.0">
    <ignored/>
  </testcase> <!-- @BeforeSuite connectToDB -->
  <testcase classname="com.rena.tms.gerenic.BaseClass" name="@BeforeSuite connectToDB" time="0.0">
    <ignored/>
  </testcase> <!-- @BeforeSuite connectToDB -->
  <testcase classname="com.rena.tms.gerenic.BaseClass" name="@BeforeSuite connectToDB" time="0.0">
    <ignored/>
  </testcase> <!-- @BeforeSuite connectToDB -->
  <testcase classname="com.rena.tms.gerenic.BaseClass" name="@AfterSuite closeDB" time="0.0">
    <ignored/>
  </testcase> <!-- @AfterSuite closeDB -->
  <testcase classname="com.rena.tms.gerenic.BaseClass" name="@AfterSuite closeDB" time="0.0">
    <ignored/>
  </testcase> <!-- @AfterSuite closeDB -->
  <testcase classname="com.rena.tms.gerenic.BaseClass" name="@AfterSuite closeDB" time="0.0">
    <ignored/>
  </testcase> <!-- @AfterSuite closeDB -->
</testsuite> <!-- Test -->
