<?xml version="1.0" encoding="UTF-8"?>
<testng-results ignored="0" total="1" passed="1" failed="0" skipped="0">
  <reporter-output>
    <line>
      <![CDATA[1st user created   Info successfully submited ]]>
    </line>
    <line>
      <![CDATA[2nd user created   Info successfully submited ]]>
    </line>
    <line>
      <![CDATA[User count has been updated]]>
    </line>
  </reporter-output>
  <suite started-at="2023-07-10T13:46:21 IST" name="Default suite" finished-at="2023-07-10T13:46:58 IST" duration-ms="36691">
    <groups>
      <group name="smokeTest">
        <method signature="UserCountInDashboardTest.dashBoard()[pri:0, instance:com.Rena.TMS.UserCountInDashboardTest@4c178a76]" name="dashBoard" class="com.Rena.TMS.UserCountInDashboardTest"/>
      </group> <!-- smokeTest -->
    </groups>
    <test started-at="2023-07-10T13:46:21 IST" name="Default test" finished-at="2023-07-10T13:46:58 IST" duration-ms="36691">
      <class name="com.Rena.TMS.UserCountInDashboardTest">
        <test-method is-config="true" signature="connectToDB()[pri:0, instance:com.Rena.TMS.UserCountInDashboardTest@4c178a76]" started-at="2023-07-10T13:46:21 IST" name="connectToDB" finished-at="2023-07-10T13:46:21 IST" duration-ms="522" status="PASS">
          <reporter-output>
          </reporter-output>
        </test-method> <!-- connectToDB -->
        <test-method is-config="true" signature="openBrowser()[pri:0, instance:com.Rena.TMS.UserCountInDashboardTest@4c178a76]" started-at="2023-07-10T13:46:21 IST" name="openBrowser" finished-at="2023-07-10T13:46:29 IST" duration-ms="8167" status="PASS">
          <reporter-output>
          </reporter-output>
        </test-method> <!-- openBrowser -->
        <test-method is-config="true" signature="adminLogini()[pri:0, instance:com.Rena.TMS.UserCountInDashboardTest@4c178a76]" started-at="2023-07-10T13:46:29 IST" name="adminLogini" finished-at="2023-07-10T13:46:30 IST" duration-ms="809" status="PASS">
          <reporter-output>
          </reporter-output>
        </test-method> <!-- adminLogini -->
        <test-method signature="dashBoard()[pri:0, instance:com.Rena.TMS.UserCountInDashboardTest@4c178a76]" started-at="2023-07-10T13:46:30 IST" name="dashBoard" finished-at="2023-07-10T13:46:57 IST" duration-ms="26966" status="PASS">
          <reporter-output>
            <line>
              <![CDATA[1st user created   Info successfully submited ]]>
            </line>
            <line>
              <![CDATA[2nd user created   Info successfully submited ]]>
            </line>
            <line>
              <![CDATA[User count has been updated]]>
            </line>
          </reporter-output>
        </test-method> <!-- dashBoard -->
        <test-method is-config="true" signature="adminLogoutt()[pri:0, instance:com.Rena.TMS.UserCountInDashboardTest@4c178a76]" started-at="2023-07-10T13:46:57 IST" name="adminLogoutt" finished-at="2023-07-10T13:46:58 IST" duration-ms="559" status="PASS">
          <reporter-output>
          </reporter-output>
        </test-method> <!-- adminLogoutt -->
        <test-method is-config="true" signature="closeBrowser()[pri:0, instance:com.Rena.TMS.UserCountInDashboardTest@4c178a76]" started-at="2023-07-10T13:46:58 IST" name="closeBrowser" finished-at="2023-07-10T13:46:58 IST" duration-ms="142" status="PASS">
          <reporter-output>
          </reporter-output>
        </test-method> <!-- closeBrowser -->
        <test-method is-config="true" signature="closeDB()[pri:0, instance:com.Rena.TMS.UserCountInDashboardTest@4c178a76]" started-at="2023-07-10T13:46:58 IST" name="closeDB" finished-at="2023-07-10T13:46:58 IST" duration-ms="0" status="PASS">
          <reporter-output>
          </reporter-output>
        </test-method> <!-- closeDB -->
      </class> <!-- com.Rena.TMS.UserCountInDashboardTest -->
    </test> <!-- Default test -->
  </suite> <!-- Default suite -->
</testng-results>
