<?xml version="1.0" encoding="UTF-8"?>
<testng-results ignored="0" total="1" passed="1" failed="0" skipped="0">
  <reporter-output>
    <line>
      <![CDATA[1st user created   Info successfully submited ]]>
    </line>
    <line>
      <![CDATA[2nd user created   Info successfully submited ]]>
    </line>
    <line>
      <![CDATA[User count has been updated]]>
    </line>
  </reporter-output>
  <suite started-at="2023-07-13T18:46:41 IST" name="Suite" finished-at="2023-07-13T18:47:53 IST" duration-ms="72430">
    <groups>
      <group name="smokeTest">
        <method signature="UserCountInDashboardTest.dashBoard()[pri:0, instance:com.Rena.TMS.UserCountInDashboardTest@65e98b1c]" name="dashBoard" class="com.Rena.TMS.UserCountInDashboardTest"/>
      </group> <!-- smokeTest -->
    </groups>
    <test started-at="2023-07-13T18:46:41 IST" name="Test" finished-at="2023-07-13T18:47:53 IST" duration-ms="72430">
      <class name="com.Rena.TMS.UserCountInDashboardTest">
        <test-method is-config="true" signature="connectToDB()[pri:0, instance:com.Rena.TMS.UserCountInDashboardTest@65e98b1c]" started-at="2023-07-13T18:46:41 IST" name="connectToDB" finished-at="2023-07-13T18:46:41 IST" duration-ms="165" status="PASS">
          <reporter-output>
          </reporter-output>
        </test-method> <!-- connectToDB -->
        <test-method is-config="true" signature="openBrowser()[pri:0, instance:com.Rena.TMS.UserCountInDashboardTest@65e98b1c]" started-at="2023-07-13T18:46:41 IST" name="openBrowser" finished-at="2023-07-13T18:47:07 IST" duration-ms="26598" status="PASS">
          <reporter-output>
          </reporter-output>
        </test-method> <!-- openBrowser -->
        <test-method is-config="true" signature="adminLogini()[pri:0, instance:com.Rena.TMS.UserCountInDashboardTest@65e98b1c]" started-at="2023-07-13T18:47:07 IST" name="adminLogini" finished-at="2023-07-13T18:47:11 IST" duration-ms="3415" status="PASS">
          <reporter-output>
          </reporter-output>
        </test-method> <!-- adminLogini -->
        <test-method signature="dashBoard()[pri:0, instance:com.Rena.TMS.UserCountInDashboardTest@65e98b1c]" started-at="2023-07-13T18:47:11 IST" name="dashBoard" finished-at="2023-07-13T18:47:52 IST" duration-ms="41128" status="PASS">
          <reporter-output>
            <line>
              <![CDATA[1st user created   Info successfully submited ]]>
            </line>
            <line>
              <![CDATA[2nd user created   Info successfully submited ]]>
            </line>
            <line>
              <![CDATA[User count has been updated]]>
            </line>
          </reporter-output>
        </test-method> <!-- dashBoard -->
        <test-method is-config="true" signature="adminLogoutt()[pri:0, instance:com.Rena.TMS.UserCountInDashboardTest@65e98b1c]" started-at="2023-07-13T18:47:52 IST" name="adminLogoutt" finished-at="2023-07-13T18:47:52 IST" duration-ms="497" status="PASS">
          <reporter-output>
          </reporter-output>
        </test-method> <!-- adminLogoutt -->
        <test-method is-config="true" signature="closeBrowser()[pri:0, instance:com.Rena.TMS.UserCountInDashboardTest@65e98b1c]" started-at="2023-07-13T18:47:53 IST" name="closeBrowser" finished-at="2023-07-13T18:47:53 IST" duration-ms="642" status="PASS">
          <reporter-output>
          </reporter-output>
        </test-method> <!-- closeBrowser -->
        <test-method is-config="true" signature="closeDB()[pri:0, instance:com.Rena.TMS.UserCountInDashboardTest@65e98b1c]" started-at="2023-07-13T18:47:54 IST" name="closeDB" finished-at="2023-07-13T18:47:54 IST" duration-ms="3" status="PASS">
          <reporter-output>
          </reporter-output>
        </test-method> <!-- closeDB -->
      </class> <!-- com.Rena.TMS.UserCountInDashboardTest -->
    </test> <!-- Test -->
  </suite> <!-- Suite -->
</testng-results>
